<?xml version="1.0" encoding="utf-8"?><testsuites name="pytest tests"><testsuite name="pytest" errors="0" failures="1" skipped="0" tests="22" time="4.005" timestamp="2026-07-02T15:27:06.326600+00:00" hostname="agent-env-7dc925fc-577d-440b-b71f-3f29e6ce4b68"><testcase classname="tests.test_id9_backend" name="test_health" time="0.453" /><testcase classname="tests.test_id9_backend" name="test_login_invalid" time="0.545" /><testcase classname="tests.test_id9_backend" name="test_me_without_token" time="0.065" /><testcase classname="tests.test_id9_backend" name="test_me_with_token" time="0.487" /><testcase classname="tests.test_id9_backend" name="test_services_seed_count" time="0.063" /><testcase classname="tests.test_id9_backend" name="test_service_detail" time="0.062" /><testcase classname="tests.test_id9_backend" name="test_portfolio_seed" time="0.073"><failure message="assert 1 &gt;= 6&#10; +  where 1 = len([{'approach': &quot;Nous avons abordé Akya comme une marque culturelle premium : ancrée dans la tradition haïtienne (couleu...ption de marque et compliquant la promotion des événements en folklore haïtien.&quot;, 'client': 'Akya Dance Company', ...}])">tests/test_id9_backend.py:83: in test_portfolio_seed
    assert len(items) &gt;= 6
E   assert 1 &gt;= 6
E    +  where 1 = len([{'approach': "Nous avons abordé Akya comme une marque culturelle premium : ancrée dans la tradition haïtienne (couleu...ption de marque et compliquant la promotion des événements en folklore haïtien.", 'client': 'Akya Dance Company', ...}])</failure></testcase><testcase classname="tests.test_id9_backend" name="test_portfolio_filter" time="0.063" /><testcase classname="tests.test_id9_backend" name="test_portfolio_detail" time="0.125" /><testcase classname="tests.test_id9_backend" name="test_portfolio_detail_404" time="0.064" /><testcase classname="tests.test_id9_backend" name="test_blog_seed" time="0.062" /><testcase classname="tests.test_id9_backend" name="test_blog_detail" time="0.133" /><testcase classname="tests.test_id9_backend" name="test_contact_submit_public" time="0.079" /><testcase classname="tests.test_id9_backend" name="test_contact_submit_missing_fields" time="0.062" /><testcase classname="tests.test_id9_backend" name="test_contact_list_requires_auth" time="0.061" /><testcase classname="tests.test_id9_backend" name="test_contact_list_with_auth" time="0.066" /><testcase classname="tests.test_id9_backend" name="test_contact_mark_read" time="0.130" /><testcase classname="tests.test_id9_backend" name="test_contact_delete" time="0.129" /><testcase classname="tests.test_id9_backend" name="test_portfolio_admin_crud" time="0.335" /><testcase classname="tests.test_id9_backend" name="test_portfolio_create_requires_auth" time="0.057" /><testcase classname="tests.test_id9_backend" name="test_blog_admin_crud" time="0.209" /><testcase classname="tests.test_id9_backend" name="test_blog_create_requires_auth" time="0.069" /></testsuite></testsuites>