<?xml version="1.0" encoding="utf-8"?><testsuites name="pytest tests"><testsuite name="pytest" errors="0" failures="0" skipped="0" tests="22" time="3.628" timestamp="2026-05-14T19:26:57.635996+00:00" hostname="agent-env-7dc925fc-577d-440b-b71f-3f29e6ce4b68"><testcase classname="backend.tests.test_id9_backend" name="test_health" time="0.318" /><testcase classname="backend.tests.test_id9_backend" name="test_login_invalid" time="0.355" /><testcase classname="backend.tests.test_id9_backend" name="test_me_without_token" time="0.065" /><testcase classname="backend.tests.test_id9_backend" name="test_me_with_token" time="0.438" /><testcase classname="backend.tests.test_id9_backend" name="test_services_seed_count" time="0.066" /><testcase classname="backend.tests.test_id9_backend" name="test_service_detail" time="0.064" /><testcase classname="backend.tests.test_id9_backend" name="test_portfolio_seed" time="0.070" /><testcase classname="backend.tests.test_id9_backend" name="test_portfolio_filter" time="0.094" /><testcase classname="backend.tests.test_id9_backend" name="test_portfolio_detail" time="0.137" /><testcase classname="backend.tests.test_id9_backend" name="test_portfolio_detail_404" time="0.063" /><testcase classname="backend.tests.test_id9_backend" name="test_blog_seed" time="0.073" /><testcase classname="backend.tests.test_id9_backend" name="test_blog_detail" time="0.147" /><testcase classname="backend.tests.test_id9_backend" name="test_contact_submit_public" time="0.072" /><testcase classname="backend.tests.test_id9_backend" name="test_contact_submit_missing_fields" time="0.073" /><testcase classname="backend.tests.test_id9_backend" name="test_contact_list_requires_auth" time="0.069" /><testcase classname="backend.tests.test_id9_backend" name="test_contact_list_with_auth" time="0.072" /><testcase classname="backend.tests.test_id9_backend" name="test_contact_mark_read" time="0.147" /><testcase classname="backend.tests.test_id9_backend" name="test_contact_delete" time="0.147" /><testcase classname="backend.tests.test_id9_backend" name="test_portfolio_admin_crud" time="0.343" /><testcase classname="backend.tests.test_id9_backend" name="test_portfolio_create_requires_auth" time="0.091" /><testcase classname="backend.tests.test_id9_backend" name="test_blog_admin_crud" time="0.207" /><testcase classname="backend.tests.test_id9_backend" name="test_blog_create_requires_auth" time="0.066" /></testsuite></testsuites>