<?xml version="1.0" encoding="utf-8"?><testsuites name="pytest tests"><testsuite name="pytest" errors="0" failures="0" skipped="0" tests="22" time="4.381" timestamp="2026-05-14T17:35:48.653429+00:00" hostname="agent-env-7dc925fc-577d-440b-b71f-3f29e6ce4b68"><testcase classname="backend.tests.test_id9_backend" name="test_health" time="0.327" /><testcase classname="backend.tests.test_id9_backend" name="test_login_invalid" time="0.563" /><testcase classname="backend.tests.test_id9_backend" name="test_me_without_token" time="0.069" /><testcase classname="backend.tests.test_id9_backend" name="test_me_with_token" time="0.724" /><testcase classname="backend.tests.test_id9_backend" name="test_services_seed_count" time="0.093" /><testcase classname="backend.tests.test_id9_backend" name="test_service_detail" time="0.079" /><testcase classname="backend.tests.test_id9_backend" name="test_portfolio_seed" time="0.062" /><testcase classname="backend.tests.test_id9_backend" name="test_portfolio_filter" time="0.093" /><testcase classname="backend.tests.test_id9_backend" name="test_portfolio_detail" time="0.161" /><testcase classname="backend.tests.test_id9_backend" name="test_portfolio_detail_404" time="0.069" /><testcase classname="backend.tests.test_id9_backend" name="test_blog_seed" time="0.066" /><testcase classname="backend.tests.test_id9_backend" name="test_blog_detail" time="0.149" /><testcase classname="backend.tests.test_id9_backend" name="test_contact_submit_public" time="0.093" /><testcase classname="backend.tests.test_id9_backend" name="test_contact_submit_missing_fields" time="0.082" /><testcase classname="backend.tests.test_id9_backend" name="test_contact_list_requires_auth" time="0.063" /><testcase classname="backend.tests.test_id9_backend" name="test_contact_list_with_auth" time="0.069" /><testcase classname="backend.tests.test_id9_backend" name="test_contact_mark_read" time="0.185" /><testcase classname="backend.tests.test_id9_backend" name="test_contact_delete" time="0.172" /><testcase classname="backend.tests.test_id9_backend" name="test_portfolio_admin_crud" time="0.358" /><testcase classname="backend.tests.test_id9_backend" name="test_portfolio_create_requires_auth" time="0.064" /><testcase classname="backend.tests.test_id9_backend" name="test_blog_admin_crud" time="0.218" /><testcase classname="backend.tests.test_id9_backend" name="test_blog_create_requires_auth" time="0.090" /></testsuite></testsuites>