<?xml version="1.0" encoding="utf-8"?><testsuites name="pytest tests"><testsuite name="pytest" errors="0" failures="0" skipped="0" tests="22" time="10.347" timestamp="2026-05-14T18:56:05.878434+00:00" hostname="agent-env-7dc925fc-577d-440b-b71f-3f29e6ce4b68"><testcase classname="backend.tests.test_id9_backend" name="test_health" time="0.252" /><testcase classname="backend.tests.test_id9_backend" name="test_login_invalid" time="0.373" /><testcase classname="backend.tests.test_id9_backend" name="test_me_without_token" time="0.050" /><testcase classname="backend.tests.test_id9_backend" name="test_me_with_token" time="0.427" /><testcase classname="backend.tests.test_id9_backend" name="test_services_seed_count" time="0.061" /><testcase classname="backend.tests.test_id9_backend" name="test_service_detail" time="0.051" /><testcase classname="backend.tests.test_id9_backend" name="test_portfolio_seed" time="0.056" /><testcase classname="backend.tests.test_id9_backend" name="test_portfolio_filter" time="0.056" /><testcase classname="backend.tests.test_id9_backend" name="test_portfolio_detail" time="0.118" /><testcase classname="backend.tests.test_id9_backend" name="test_portfolio_detail_404" time="0.055" /><testcase classname="backend.tests.test_id9_backend" name="test_blog_seed" time="0.053" /><testcase classname="backend.tests.test_id9_backend" name="test_blog_detail" time="1.982" /><testcase classname="backend.tests.test_id9_backend" name="test_contact_submit_public" time="0.078" /><testcase classname="backend.tests.test_id9_backend" name="test_contact_submit_missing_fields" time="0.051" /><testcase classname="backend.tests.test_id9_backend" name="test_contact_list_requires_auth" time="0.055" /><testcase classname="backend.tests.test_id9_backend" name="test_contact_list_with_auth" time="0.078" /><testcase classname="backend.tests.test_id9_backend" name="test_contact_mark_read" time="0.129" /><testcase classname="backend.tests.test_id9_backend" name="test_contact_delete" time="2.946" /><testcase classname="backend.tests.test_id9_backend" name="test_portfolio_admin_crud" time="2.680" /><testcase classname="backend.tests.test_id9_backend" name="test_portfolio_create_requires_auth" time="0.057" /><testcase classname="backend.tests.test_id9_backend" name="test_blog_admin_crud" time="0.231" /><testcase classname="backend.tests.test_id9_backend" name="test_blog_create_requires_auth" time="0.050" /></testsuite></testsuites>